<?xml version="1.0" encoding="UTF-8"?>
<!-- Generated by org.testng.reporters.JUnitReportReporter -->
<testsuite hostname="Swathi" failures="0" tests="1" name="pomtests.AmazonProdSearch" time="54.896" errors="0" timestamp="2020-06-21T13:29:06 IST" skipped="0">
  <testcase classname="pomtests.AmazonProdSearch" name="prodsearch" time="54.896"/>
  <system-out/>
</testsuite> <!-- pomtests.AmazonProdSearch -->
