<?xml version="1.0" encoding="UTF-8"?>
<!-- Generated by org.testng.reporters.JUnitReportReporter -->
<testsuite hostname="Swathi" failures="0" tests="1" name="pomtests.GoogleSearch" time="40.819" errors="0" timestamp="2020-06-21T12:47:41 IST" skipped="0">
  <testcase classname="pomtests.GoogleSearch" name="fnSearch" time="40.819"/>
</testsuite> <!-- pomtests.GoogleSearch -->
